<?xml version="1.0" encoding="UTF-8"?>
<!-- Generated by org.testng.reporters.JUnitReportReporter -->
<testsuite hostname="DESKTOP-DLNPTFU" failures="0" tests="1" name="tests.test2" time="13.196" errors="0" timestamp="07 Jun 2023 17:16:28 GMT" skipped="0">
  <testcase classname="tests.test2" name="aloginTest" time="13.196"/>
</testsuite> <!-- tests.test2 -->
