<?xml version="1.0" encoding="UTF-8"?>
<!-- Generated by org.testng.reporters.JUnitReportReporter -->
<testsuite hostname="DESKTOP-DLNPTFU" failures="0" tests="1" name="tests.SearchViedo" time="15.924" errors="0" timestamp="08 Jun 2023 08:02:04 GMT" skipped="0">
  <testcase classname="tests.SearchViedo" name="login" time="15.924"/>
</testsuite> <!-- tests.SearchViedo -->
