<?xml version="1.0" encoding="UTF-8"?>
<!-- Generated by org.testng.reporters.JUnitReportReporter -->
<testsuite hostname="DESKTOP-DLNPTFU" failures="0" tests="1" name="tests.ViewVideoInsights" time="13.360" errors="0" timestamp="08 Jun 2023 08:02:04 GMT" skipped="0">
  <testcase classname="tests.ViewVideoInsights" name="aloginTest" time="13.360"/>
</testsuite> <!-- tests.ViewVideoInsights -->
